<?xml version="1.0" encoding="UTF-8"?>
<testsuites name="jest tests" tests="2" failures="0" errors="0" time="3.704">
  <testsuite name="CardCustom tests image" errors="0" failures="0" skipped="0" timestamp="2024-04-05T18:27:25" time="3.361" tests="2">
    <testcase classname="CardCustom tests image alt contains correct value" name="CardCustom tests image alt contains correct value" time="0.032">
    </testcase>
    <testcase classname="CardCustom tests image src contains correct value" name="CardCustom tests image src contains correct value" time="0.007">
    </testcase>
  </testsuite>
</testsuites>